<?xml version="1.0" encoding="UTF-8"?>
<testng-results skipped="0" failed="0" total="1" passed="1">
  <reporter-output>
  </reporter-output>
  <suite name="Suite" duration-ms="653" started-at="2018-05-01T18:07:44Z" finished-at="2018-05-01T18:07:45Z">
    <groups>
    </groups>
    <test name="Test" duration-ms="653" started-at="2018-05-01T18:07:44Z" finished-at="2018-05-01T18:07:45Z">
      <class name="basicTest.BasicTest">
        <test-method status="PASS" signature="verifysum()[pri:0, instance:basicTest.BasicTest@6276ae34]" name="verifysum" duration-ms="636" started-at="2018-05-01T11:07:44Z" finished-at="2018-05-01T11:07:45Z">
          <reporter-output>
          </reporter-output>
        </test-method> <!-- verifysum -->
      </class> <!-- basicTest.BasicTest -->
    </test> <!-- Test -->
  </suite> <!-- Suite -->
</testng-results>
